<?xml version="1.0" encoding="UTF-8"?>
<!-- Generated by org.testng.reporters.JUnitReportReporter -->
<testsuite skipped="0" hostname="DESKTOP-U3C7JJ8" name="com.freecrm.testcases.HomePageTest" tests="5" failures="0" timestamp="26 Jul 2018 04:58:41 GMT" time="70.119" errors="0">
  <testcase name="loginPageTitleTest" time="13.960" classname="com.freecrm.testcases.HomePageTest"/>
  <testcase name="verifyCorrectUserName" time="13.956" classname="com.freecrm.testcases.HomePageTest"/>
  <testcase name="clickOnContactsLink" time="14.273" classname="com.freecrm.testcases.HomePageTest"/>
  <testcase name="clickOnDealsLink" time="13.880" classname="com.freecrm.testcases.HomePageTest"/>
  <testcase name="clickOnTaskLink" time="14.050" classname="com.freecrm.testcases.HomePageTest"/>
</testsuite> <!-- com.freecrm.testcases.HomePageTest -->
