<?xml version="1.0" encoding="UTF-8"?>
<!-- Generated by org.testng.reporters.JUnitReportReporter -->
<testsuite skipped="0" hostname="DESKTOP-IC54V12" name="com.freecrm.testcases.NewClassTest" tests="2" failures="0" timestamp="2020-03-28T02:27:01 CDT" time="0.003" errors="0">
  <testcase name="newTest1" time="0.001" classname="com.freecrm.testcases.NewClassTest"/>
  <testcase name="newTest2" time="0.002" classname="com.freecrm.testcases.NewClassTest"/>
</testsuite> <!-- com.freecrm.testcases.NewClassTest -->
