<?xml version="1.0" encoding="UTF-8"?>
<!-- Generated by org.testng.reporters.JUnitReportReporter -->
<testsuite skipped="4" hostname="DESKTOP-U3C7JJ8" name="com.freecrm.testcases.ContactsPageTest" tests="5" failures="0" timestamp="03 Aug 2018 02:56:14 GMT" time="20.646" errors="0">
  <testcase name="selectContactNameWebTable" time="20.646" classname="com.freecrm.testcases.ContactsPageTest"/>
  <testcase name="selectContact" classname="com.freecrm.testcases.ContactsPageTest">
    <skipped/>
  </testcase> <!-- selectContact -->
  <testcase name="validateConatctLabel" classname="com.freecrm.testcases.ContactsPageTest">
    <skipped/>
  </testcase> <!-- validateConatctLabel -->
  <testcase name="selectMultipleContact" classname="com.freecrm.testcases.ContactsPageTest">
    <skipped/>
  </testcase> <!-- selectMultipleContact -->
  <testcase name="selectSingleContact" classname="com.freecrm.testcases.ContactsPageTest">
    <skipped/>
  </testcase> <!-- selectSingleContact -->
</testsuite> <!-- com.freecrm.testcases.ContactsPageTest -->
