<?xml version="1.0" encoding="UTF-8"?>
<!-- Generated by org.testng.reporters.JUnitReportReporter -->
<testsuite skipped="0" hostname="DESKTOP-IC54V12" name="com.freecrm.testcases.RegisterPageTest" tests="2" failures="0" timestamp="2020-03-28T02:27:01 CDT" time="0.010" errors="0">
  <testcase name="resisterTest1" time="0.001" classname="com.freecrm.testcases.RegisterPageTest"/>
  <testcase name="registerPageTitle" time="0.009" classname="com.freecrm.testcases.RegisterPageTest"/>
</testsuite> <!-- com.freecrm.testcases.RegisterPageTest -->
